#
# There is insufficient memory for the Java Runtime Environment to continue.
# Native memory allocation (malloc) failed to allocate 341104 bytes. Error detail: Chunk::new
# Possible reasons:
#   The system is out of physical RAM or swap space
#   This process is running with CompressedOops enabled, and the Java Heap may be blocking the growth of the native heap
# Possible solutions:
#   Reduce memory load on the system
#   Increase physical memory or swap space
#   Check if swap backing store is full
#   Decrease Java heap size (-Xmx/-Xms)
#   Decrease number of Java threads
#   Decrease Java thread stack sizes (-Xss)
#   Set larger code cache with -XX:ReservedCodeCacheSize=
#   JVM is running with Unscaled Compressed Oops mode in which the Java heap is
#     placed in the first 4GB address space. The Java Heap base address is the
#     maximum limit for the native heap growth. Please use -XX:HeapBaseMinAddress
#     to set the Java Heap base and to place the Java Heap above 4GB virtual address.
# This output file may be truncated or incomplete.
#
#  Out of Memory Error (arena.cpp:168), pid=21876, tid=18580
#
# JRE version: OpenJDK Runtime Environment Temurin-21.0.4+7 (21.0.4+7) (build 21.0.4+7-LTS)
# Java VM: OpenJDK 64-Bit Server VM Temurin-21.0.4+7 (21.0.4+7-LTS, mixed mode, sharing, tiered, compressed oops, compressed class ptrs, g1 gc, windows-amd64)
# No core dump will be written. Minidumps are not enabled by default on client versions of Windows
#

---------------  S U M M A R Y ------------

Command Line: -XX:+ShowCodeDetailsInExceptionMessages --module-path=D:\SEMESTRE II\PROGRAMACIÓN I\PROYECTOJAVA\UQ\JavaFX\prueba\target\classes;C:\Users\Nicolas Gabriel\.m2\repository\org\openjfx\javafx-controls\13\javafx-controls-13-win.jar;C:\Users\Nicolas Gabriel\.m2\repository\org\openjfx\javafx-graphics\13\javafx-graphics-13-win.jar;C:\Users\Nicolas Gabriel\.m2\repository\org\openjfx\javafx-base\13\javafx-base-13-win.jar;C:\Users\Nicolas Gabriel\.m2\repository\org\openjfx\javafx-fxml\13\javafx-fxml-13-win.jar -Djdk.module.main=co.edu.uniquindio.poo co.edu.uniquindio.poo/co.edu.uniquindio.poo.App

Host: 12th Gen Intel(R) Core(TM) i5-1235U, 12 cores, 7G,  Windows 11 , 64 bit Build 26100 (10.0.26100.2161)
Time: Fri Nov  1 01:09:49 2024 Hora est. Pacífico, Sudamérica elapsed time: 19.964747 seconds (0d 0h 0m 19s)

---------------  T H R E A D  ---------------

Current thread (0x00000198edc3ee80):  JavaThread "C2 CompilerThread0" daemon [_thread_in_native, id=18580, stack(0x0000009418b00000,0x0000009418c00000) (1024K)]


Current CompileTask:
C2:  19964 3375 %     4       com.sun.marlin.DRenderer::_endRendering @ 1910 (2473 bytes)

Stack: [0x0000009418b00000,0x0000009418c00000]
Native frames: (J=compiled Java code, j=interpreted, Vv=VM code, C=native code)
V  [jvm.dll+0x6cbcf9]
V  [jvm.dll+0x8a5551]
V  [jvm.dll+0x8a7a7e]
V  [jvm.dll+0x8a8153]
V  [jvm.dll+0x27eca6]
V  [jvm.dll+0xc4aad]
V  [jvm.dll+0xc4fe3]
V  [jvm.dll+0x3b513c]
V  [jvm.dll+0x3815a5]
V  [jvm.dll+0x380a0a]
V  [jvm.dll+0x247110]
V  [jvm.dll+0x2466ef]
V  [jvm.dll+0x1c6f7e]
V  [jvm.dll+0x255e7a]
V  [jvm.dll+0x25441a]
V  [jvm.dll+0x3eeef6]
V  [jvm.dll+0x84f17b]
V  [jvm.dll+0x6ca3fd]
C  [ucrtbase.dll+0x14ea0]
C  [KERNEL32.DLL+0x2dbe7]
C  [ntdll.dll+0xdfbec]


---------------  P R O C E S S  ---------------

Threads class SMR info:
_java_thread_list=0x00000198c2d8fa40, length=19, elements={
0x00000198ce9c1050, 0x00000198edc20a80, 0x00000198edc24060, 0x00000198edc26160,
0x00000198edc2b370, 0x00000198edc2f390, 0x00000198edc33f30, 0x00000198edc3ee80,
0x00000198f2020090, 0x00000198f20d5280, 0x00000198f24163c0, 0x00000198f262f750,
0x00000198f21454e0, 0x00000198f32b8080, 0x00000198f34cfb10, 0x00000198f34d61a0,
0x00000198f3c17450, 0x00000198f376f0d0, 0x00000198f21eff50
}

Java Threads: ( => current thread )
  0x00000198ce9c1050 JavaThread "main"                              [_thread_blocked, id=1816, stack(0x0000009417d00000,0x0000009417e00000) (1024K)]
  0x00000198edc20a80 JavaThread "Reference Handler"          daemon [_thread_blocked, id=9400, stack(0x0000009418500000,0x0000009418600000) (1024K)]
  0x00000198edc24060 JavaThread "Finalizer"                  daemon [_thread_blocked, id=12272, stack(0x0000009418600000,0x0000009418700000) (1024K)]
  0x00000198edc26160 JavaThread "Signal Dispatcher"          daemon [_thread_blocked, id=6984, stack(0x0000009418700000,0x0000009418800000) (1024K)]
  0x00000198edc2b370 JavaThread "Attach Listener"            daemon [_thread_blocked, id=18152, stack(0x0000009418800000,0x0000009418900000) (1024K)]
  0x00000198edc2f390 JavaThread "Service Thread"             daemon [_thread_blocked, id=1228, stack(0x0000009418900000,0x0000009418a00000) (1024K)]
  0x00000198edc33f30 JavaThread "Monitor Deflation Thread"   daemon [_thread_blocked, id=12668, stack(0x0000009418a00000,0x0000009418b00000) (1024K)]
=>0x00000198edc3ee80 JavaThread "C2 CompilerThread0"         daemon [_thread_in_native, id=18580, stack(0x0000009418b00000,0x0000009418c00000) (1024K)]
  0x00000198f2020090 JavaThread "C1 CompilerThread0"         daemon [_thread_blocked, id=8996, stack(0x0000009418c00000,0x0000009418d00000) (1024K)]
  0x00000198f20d5280 JavaThread "Common-Cleaner"             daemon [_thread_blocked, id=18636, stack(0x0000009418d00000,0x0000009418e00000) (1024K)]
  0x00000198f24163c0 JavaThread "Notification Thread"        daemon [_thread_blocked, id=5692, stack(0x0000009419000000,0x0000009419100000) (1024K)]
  0x00000198f262f750 JavaThread "QuantumRenderer-0"          daemon [_thread_in_native, id=5360, stack(0x0000009418f00000,0x0000009419000000) (1024K)]
  0x00000198f21454e0 JavaThread "InvokeLaterDispatcher"      daemon [_thread_blocked, id=10808, stack(0x0000009418e00000,0x0000009418f00000) (1024K)]
  0x00000198f32b8080 JavaThread "JavaFX Application Thread"         [_thread_blocked, id=18564, stack(0x0000009419500000,0x0000009419600000) (1024K)]
  0x00000198f34cfb10 JavaThread "JavaFX-Launcher"                   [_thread_blocked, id=1240, stack(0x0000009419800000,0x0000009419900000) (1024K)]
  0x00000198f34d61a0 JavaThread "Thread-2"                   daemon [_thread_in_native, id=22144, stack(0x0000009419700000,0x0000009419800000) (1024K)]
  0x00000198f3c17450 JavaThread "Prism Font Disposer"        daemon [_thread_blocked, id=14804, stack(0x000000941a300000,0x000000941a400000) (1024K)]
  0x00000198f376f0d0 JavaThread "Cleaner-0"                  daemon [_thread_blocked, id=19744, stack(0x000000941a400000,0x000000941a500000) (1024K)]
  0x00000198f21eff50 JavaThread "C2 CompilerThread1"         daemon [_thread_blocked, id=9544, stack(0x000000941a700000,0x000000941a800000) (1024K)]
Total: 19

Other Threads:
  0x00000198edbfd4c0 VMThread "VM Thread"                           [id=15836, stack(0x0000009418400000,0x0000009418500000) (1024K)]
  0x00000198edbe8aa0 WatcherThread "VM Periodic Task Thread"        [id=15340, stack(0x0000009418300000,0x0000009418400000) (1024K)]
  0x00000198d0d4ca20 WorkerThread "GC Thread#0"                     [id=9324, stack(0x0000009417e00000,0x0000009417f00000) (1024K)]
  0x00000198f356ad40 WorkerThread "GC Thread#1"                     [id=4632, stack(0x0000009419900000,0x0000009419a00000) (1024K)]
  0x00000198f3563c30 WorkerThread "GC Thread#2"                     [id=3884, stack(0x0000009419a00000,0x0000009419b00000) (1024K)]
  0x00000198f35634f0 WorkerThread "GC Thread#3"                     [id=7968, stack(0x0000009419b00000,0x0000009419c00000) (1024K)]
  0x00000198f3563890 WorkerThread "GC Thread#4"                     [id=6328, stack(0x0000009419c00000,0x0000009419d00000) (1024K)]
  0x00000198f35622d0 WorkerThread "GC Thread#5"                     [id=6232, stack(0x0000009419d00000,0x0000009419e00000) (1024K)]
  0x00000198f3563150 WorkerThread "GC Thread#6"                     [id=16244, stack(0x0000009419e00000,0x0000009419f00000) (1024K)]
  0x00000198f38555b0 WorkerThread "GC Thread#7"                     [id=20028, stack(0x0000009419f00000,0x000000941a000000) (1024K)]
  0x00000198f38572b0 WorkerThread "GC Thread#8"                     [id=16776, stack(0x000000941a500000,0x000000941a600000) (1024K)]
  0x00000198f38579f0 WorkerThread "GC Thread#9"                     [id=17728, stack(0x000000941a600000,0x000000941a700000) (1024K)]
  0x00000198d0d5e7e0 ConcurrentGCThread "G1 Main Marker"            [id=19884, stack(0x0000009417f00000,0x0000009418000000) (1024K)]
  0x00000198d0d60160 WorkerThread "G1 Conc#0"                       [id=19784, stack(0x0000009418000000,0x0000009418100000) (1024K)]
  0x00000198edab5a10 ConcurrentGCThread "G1 Refine#0"               [id=11836, stack(0x0000009418100000,0x0000009418200000) (1024K)]
  0x00000198edab8240 ConcurrentGCThread "G1 Service"                [id=1168, stack(0x0000009418200000,0x0000009418300000) (1024K)]
Total: 16

Threads with active compile tasks:
C2 CompilerThread0    19996 3375 %     4       com.sun.marlin.DRenderer::_endRendering @ 1910 (2473 bytes)
Total: 1

VM state: not at safepoint (normal execution)

VM Mutex/Monitor currently owned by a thread: None

Heap address: 0x0000000085200000, size: 1966 MB, Compressed Oops mode: 32-bit

CDS archive(s) mapped at: [0x0000019880000000-0x0000019880c90000-0x0000019880c90000), size 13172736, SharedBaseAddress: 0x0000019880000000, ArchiveRelocationMode: 1.
Compressed class space mapped at: 0x0000019881000000-0x00000198c1000000, reserved size: 1073741824
Narrow klass base: 0x0000019880000000, Narrow klass shift: 0, Narrow klass range: 0x100000000

GC Precious Log:
 CardTable entry size: 512
 Card Set container configuration: InlinePtr #cards 5 size 8 Array Of Cards #cards 12 size 40 Howl #buckets 4 coarsen threshold 1843 Howl Bitmap #cards 512 size 80 coarsen threshold 460 Card regions per heap region 1 cards per card region 2048
 CPUs: 12 total, 12 available
 Memory: 7860M
 Large Page Support: Disabled
 NUMA Support: Disabled
 Compressed Oops: Enabled (32-bit)
 Heap Region Size: 1M
 Heap Min Capacity: 8M
 Heap Initial Capacity: 124M
 Heap Max Capacity: 1966M
 Pre-touch: Disabled
 Parallel Workers: 10
 Concurrent Workers: 3
 Concurrent Refinement Workers: 10
 Periodic GC: Disabled

Heap:
 garbage-first heap   total 126976K, used 41836K [0x0000000085200000, 0x0000000100000000)
  region size 1024K, 40 young (40960K), 5 survivors (5120K)
 Metaspace       used 18670K, committed 19008K, reserved 1114112K
  class space    used 2788K, committed 2944K, reserved 1048576K

Heap Regions: E=young(eden), S=young(survivor), O=old, HS=humongous(starts), HC=humongous(continues), CS=collection set, F=free, TAMS=top-at-mark-start, PB=parsable bottom
|   0|0x0000000085200000, 0x0000000085300000, 0x0000000085300000|100%|HS|  |TAMS 0x0000000085200000| PB 0x0000000085200000| Complete 
|   1|0x0000000085300000, 0x0000000085400000, 0x0000000085400000|100%|HC|  |TAMS 0x0000000085300000| PB 0x0000000085300000| Complete 
|   2|0x0000000085400000, 0x00000000854db0f0, 0x0000000085500000| 85%| O|  |TAMS 0x0000000085400000| PB 0x0000000085400000| Untracked 
|   3|0x0000000085500000, 0x0000000085500000, 0x0000000085600000|  0%| F|  |TAMS 0x0000000085500000| PB 0x0000000085500000| Untracked 
|   4|0x0000000085600000, 0x0000000085600000, 0x0000000085700000|  0%| F|  |TAMS 0x0000000085600000| PB 0x0000000085600000| Untracked 
|   5|0x0000000085700000, 0x0000000085700000, 0x0000000085800000|  0%| F|  |TAMS 0x0000000085700000| PB 0x0000000085700000| Untracked 
|   6|0x0000000085800000, 0x0000000085800000, 0x0000000085900000|  0%| F|  |TAMS 0x0000000085800000| PB 0x0000000085800000| Untracked 
|   7|0x0000000085900000, 0x0000000085900000, 0x0000000085a00000|  0%| F|  |TAMS 0x0000000085900000| PB 0x0000000085900000| Untracked 
|   8|0x0000000085a00000, 0x0000000085a00000, 0x0000000085b00000|  0%| F|  |TAMS 0x0000000085a00000| PB 0x0000000085a00000| Untracked 
|   9|0x0000000085b00000, 0x0000000085b00000, 0x0000000085c00000|  0%| F|  |TAMS 0x0000000085b00000| PB 0x0000000085b00000| Untracked 
|  10|0x0000000085c00000, 0x0000000085c00000, 0x0000000085d00000|  0%| F|  |TAMS 0x0000000085c00000| PB 0x0000000085c00000| Untracked 
|  11|0x0000000085d00000, 0x0000000085d00000, 0x0000000085e00000|  0%| F|  |TAMS 0x0000000085d00000| PB 0x0000000085d00000| Untracked 
|  12|0x0000000085e00000, 0x0000000085e00000, 0x0000000085f00000|  0%| F|  |TAMS 0x0000000085e00000| PB 0x0000000085e00000| Untracked 
|  13|0x0000000085f00000, 0x0000000085f00000, 0x0000000086000000|  0%| F|  |TAMS 0x0000000085f00000| PB 0x0000000085f00000| Untracked 
|  14|0x0000000086000000, 0x0000000086000000, 0x0000000086100000|  0%| F|  |TAMS 0x0000000086000000| PB 0x0000000086000000| Untracked 
|  15|0x0000000086100000, 0x0000000086100000, 0x0000000086200000|  0%| F|  |TAMS 0x0000000086100000| PB 0x0000000086100000| Untracked 
|  16|0x0000000086200000, 0x0000000086200000, 0x0000000086300000|  0%| F|  |TAMS 0x0000000086200000| PB 0x0000000086200000| Untracked 
|  17|0x0000000086300000, 0x0000000086300000, 0x0000000086400000|  0%| F|  |TAMS 0x0000000086300000| PB 0x0000000086300000| Untracked 
|  18|0x0000000086400000, 0x0000000086400000, 0x0000000086500000|  0%| F|  |TAMS 0x0000000086400000| PB 0x0000000086400000| Untracked 
|  19|0x0000000086500000, 0x0000000086500000, 0x0000000086600000|  0%| F|  |TAMS 0x0000000086500000| PB 0x0000000086500000| Untracked 
|  20|0x0000000086600000, 0x0000000086600000, 0x0000000086700000|  0%| F|  |TAMS 0x0000000086600000| PB 0x0000000086600000| Untracked 
|  21|0x0000000086700000, 0x0000000086700000, 0x0000000086800000|  0%| F|  |TAMS 0x0000000086700000| PB 0x0000000086700000| Untracked 
|  22|0x0000000086800000, 0x0000000086800000, 0x0000000086900000|  0%| F|  |TAMS 0x0000000086800000| PB 0x0000000086800000| Untracked 
|  23|0x0000000086900000, 0x0000000086900000, 0x0000000086a00000|  0%| F|  |TAMS 0x0000000086900000| PB 0x0000000086900000| Untracked 
|  24|0x0000000086a00000, 0x0000000086a00000, 0x0000000086b00000|  0%| F|  |TAMS 0x0000000086a00000| PB 0x0000000086a00000| Untracked 
|  25|0x0000000086b00000, 0x0000000086b00000, 0x0000000086c00000|  0%| F|  |TAMS 0x0000000086b00000| PB 0x0000000086b00000| Untracked 
|  26|0x0000000086c00000, 0x0000000086c00000, 0x0000000086d00000|  0%| F|  |TAMS 0x0000000086c00000| PB 0x0000000086c00000| Untracked 
|  27|0x0000000086d00000, 0x0000000086d00000, 0x0000000086e00000|  0%| F|  |TAMS 0x0000000086d00000| PB 0x0000000086d00000| Untracked 
|  28|0x0000000086e00000, 0x0000000086e00000, 0x0000000086f00000|  0%| F|  |TAMS 0x0000000086e00000| PB 0x0000000086e00000| Untracked 
|  29|0x0000000086f00000, 0x0000000086f00000, 0x0000000087000000|  0%| F|  |TAMS 0x0000000086f00000| PB 0x0000000086f00000| Untracked 
|  30|0x0000000087000000, 0x0000000087000000, 0x0000000087100000|  0%| F|  |TAMS 0x0000000087000000| PB 0x0000000087000000| Untracked 
|  31|0x0000000087100000, 0x0000000087100000, 0x0000000087200000|  0%| F|  |TAMS 0x0000000087100000| PB 0x0000000087100000| Untracked 
|  32|0x0000000087200000, 0x0000000087200000, 0x0000000087300000|  0%| F|  |TAMS 0x0000000087200000| PB 0x0000000087200000| Untracked 
|  33|0x0000000087300000, 0x0000000087300000, 0x0000000087400000|  0%| F|  |TAMS 0x0000000087300000| PB 0x0000000087300000| Untracked 
|  34|0x0000000087400000, 0x0000000087400000, 0x0000000087500000|  0%| F|  |TAMS 0x0000000087400000| PB 0x0000000087400000| Untracked 
|  35|0x0000000087500000, 0x0000000087500000, 0x0000000087600000|  0%| F|  |TAMS 0x0000000087500000| PB 0x0000000087500000| Untracked 
|  36|0x0000000087600000, 0x0000000087600000, 0x0000000087700000|  0%| F|  |TAMS 0x0000000087600000| PB 0x0000000087600000| Untracked 
|  37|0x0000000087700000, 0x0000000087700000, 0x0000000087800000|  0%| F|  |TAMS 0x0000000087700000| PB 0x0000000087700000| Untracked 
|  38|0x0000000087800000, 0x0000000087800000, 0x0000000087900000|  0%| F|  |TAMS 0x0000000087800000| PB 0x0000000087800000| Untracked 
|  39|0x0000000087900000, 0x0000000087900000, 0x0000000087a00000|  0%| F|  |TAMS 0x0000000087900000| PB 0x0000000087900000| Untracked 
|  40|0x0000000087a00000, 0x0000000087a00000, 0x0000000087b00000|  0%| F|  |TAMS 0x0000000087a00000| PB 0x0000000087a00000| Untracked 
|  41|0x0000000087b00000, 0x0000000087b00000, 0x0000000087c00000|  0%| F|  |TAMS 0x0000000087b00000| PB 0x0000000087b00000| Untracked 
|  42|0x0000000087c00000, 0x0000000087c00000, 0x0000000087d00000|  0%| F|  |TAMS 0x0000000087c00000| PB 0x0000000087c00000| Untracked 
|  43|0x0000000087d00000, 0x0000000087d00000, 0x0000000087e00000|  0%| F|  |TAMS 0x0000000087d00000| PB 0x0000000087d00000| Untracked 
|  44|0x0000000087e00000, 0x0000000087e00000, 0x0000000087f00000|  0%| F|  |TAMS 0x0000000087e00000| PB 0x0000000087e00000| Untracked 
|  45|0x0000000087f00000, 0x0000000087f00000, 0x0000000088000000|  0%| F|  |TAMS 0x0000000087f00000| PB 0x0000000087f00000| Untracked 
|  46|0x0000000088000000, 0x0000000088000000, 0x0000000088100000|  0%| F|  |TAMS 0x0000000088000000| PB 0x0000000088000000| Untracked 
|  47|0x0000000088100000, 0x0000000088100000, 0x0000000088200000|  0%| F|  |TAMS 0x0000000088100000| PB 0x0000000088100000| Untracked 
|  48|0x0000000088200000, 0x0000000088200000, 0x0000000088300000|  0%| F|  |TAMS 0x0000000088200000| PB 0x0000000088200000| Untracked 
|  49|0x0000000088300000, 0x0000000088300000, 0x0000000088400000|  0%| F|  |TAMS 0x0000000088300000| PB 0x0000000088300000| Untracked 
|  50|0x0000000088400000, 0x0000000088400000, 0x0000000088500000|  0%| F|  |TAMS 0x0000000088400000| PB 0x0000000088400000| Untracked 
|  51|0x0000000088500000, 0x0000000088500000, 0x0000000088600000|  0%| F|  |TAMS 0x0000000088500000| PB 0x0000000088500000| Untracked 
|  52|0x0000000088600000, 0x0000000088600000, 0x0000000088700000|  0%| F|  |TAMS 0x0000000088600000| PB 0x0000000088600000| Untracked 
|  53|0x0000000088700000, 0x0000000088700000, 0x0000000088800000|  0%| F|  |TAMS 0x0000000088700000| PB 0x0000000088700000| Untracked 
|  54|0x0000000088800000, 0x0000000088800000, 0x0000000088900000|  0%| F|  |TAMS 0x0000000088800000| PB 0x0000000088800000| Untracked 
|  55|0x0000000088900000, 0x0000000088900000, 0x0000000088a00000|  0%| F|  |TAMS 0x0000000088900000| PB 0x0000000088900000| Untracked 
|  56|0x0000000088a00000, 0x0000000088a00000, 0x0000000088b00000|  0%| F|  |TAMS 0x0000000088a00000| PB 0x0000000088a00000| Untracked 
|  57|0x0000000088b00000, 0x0000000088b00000, 0x0000000088c00000|  0%| F|  |TAMS 0x0000000088b00000| PB 0x0000000088b00000| Untracked 
|  58|0x0000000088c00000, 0x0000000088c00000, 0x0000000088d00000|  0%| F|  |TAMS 0x0000000088c00000| PB 0x0000000088c00000| Untracked 
|  59|0x0000000088d00000, 0x0000000088d00000, 0x0000000088e00000|  0%| F|  |TAMS 0x0000000088d00000| PB 0x0000000088d00000| Untracked 
|  60|0x0000000088e00000, 0x0000000088e00000, 0x0000000088f00000|  0%| F|  |TAMS 0x0000000088e00000| PB 0x0000000088e00000| Untracked 
|  61|0x0000000088f00000, 0x0000000088f00000, 0x0000000089000000|  0%| F|  |TAMS 0x0000000088f00000| PB 0x0000000088f00000| Untracked 
|  62|0x0000000089000000, 0x0000000089000000, 0x0000000089100000|  0%| F|  |TAMS 0x0000000089000000| PB 0x0000000089000000| Untracked 
|  63|0x0000000089100000, 0x0000000089100000, 0x0000000089200000|  0%| F|  |TAMS 0x0000000089100000| PB 0x0000000089100000| Untracked 
|  64|0x0000000089200000, 0x0000000089200000, 0x0000000089300000|  0%| F|  |TAMS 0x0000000089200000| PB 0x0000000089200000| Untracked 
|  65|0x0000000089300000, 0x0000000089300000, 0x0000000089400000|  0%| F|  |TAMS 0x0000000089300000| PB 0x0000000089300000| Untracked 
|  66|0x0000000089400000, 0x0000000089400000, 0x0000000089500000|  0%| F|  |TAMS 0x0000000089400000| PB 0x0000000089400000| Untracked 
|  67|0x0000000089500000, 0x0000000089500000, 0x0000000089600000|  0%| F|  |TAMS 0x0000000089500000| PB 0x0000000089500000| Untracked 
|  68|0x0000000089600000, 0x0000000089600000, 0x0000000089700000|  0%| F|  |TAMS 0x0000000089600000| PB 0x0000000089600000| Untracked 
|  69|0x0000000089700000, 0x0000000089700000, 0x0000000089800000|  0%| F|  |TAMS 0x0000000089700000| PB 0x0000000089700000| Untracked 
|  70|0x0000000089800000, 0x0000000089800000, 0x0000000089900000|  0%| F|  |TAMS 0x0000000089800000| PB 0x0000000089800000| Untracked 
|  71|0x0000000089900000, 0x0000000089900000, 0x0000000089a00000|  0%| F|  |TAMS 0x0000000089900000| PB 0x0000000089900000| Untracked 
|  72|0x0000000089a00000, 0x0000000089a00000, 0x0000000089b00000|  0%| F|  |TAMS 0x0000000089a00000| PB 0x0000000089a00000| Untracked 
|  73|0x0000000089b00000, 0x0000000089b00000, 0x0000000089c00000|  0%| F|  |TAMS 0x0000000089b00000| PB 0x0000000089b00000| Untracked 
|  74|0x0000000089c00000, 0x0000000089c00000, 0x0000000089d00000|  0%| F|  |TAMS 0x0000000089c00000| PB 0x0000000089c00000| Untracked 
|  75|0x0000000089d00000, 0x0000000089d00000, 0x0000000089e00000|  0%| F|  |TAMS 0x0000000089d00000| PB 0x0000000089d00000| Untracked 
|  76|0x0000000089e00000, 0x0000000089e00000, 0x0000000089f00000|  0%| F|  |TAMS 0x0000000089e00000| PB 0x0000000089e00000| Untracked 
|  77|0x0000000089f00000, 0x0000000089f00000, 0x000000008a000000|  0%| F|  |TAMS 0x0000000089f00000| PB 0x0000000089f00000| Untracked 
|  78|0x000000008a000000, 0x000000008a000000, 0x000000008a100000|  0%| F|  |TAMS 0x000000008a000000| PB 0x000000008a000000| Untracked 
|  79|0x000000008a100000, 0x000000008a100000, 0x000000008a200000|  0%| F|  |TAMS 0x000000008a100000| PB 0x000000008a100000| Untracked 
|  80|0x000000008a200000, 0x000000008a200000, 0x000000008a300000|  0%| F|  |TAMS 0x000000008a200000| PB 0x000000008a200000| Untracked 
|  81|0x000000008a300000, 0x000000008a300000, 0x000000008a400000|  0%| F|  |TAMS 0x000000008a300000| PB 0x000000008a300000| Untracked 
|  82|0x000000008a400000, 0x000000008a500000, 0x000000008a500000|100%| S|CS|TAMS 0x000000008a400000| PB 0x000000008a400000| Complete 
|  83|0x000000008a500000, 0x000000008a600000, 0x000000008a600000|100%| S|CS|TAMS 0x000000008a500000| PB 0x000000008a500000| Complete 
|  84|0x000000008a600000, 0x000000008a700000, 0x000000008a700000|100%| S|CS|TAMS 0x000000008a600000| PB 0x000000008a600000| Complete 
|  85|0x000000008a700000, 0x000000008a800000, 0x000000008a800000|100%| S|CS|TAMS 0x000000008a700000| PB 0x000000008a700000| Complete 
|  86|0x000000008a800000, 0x000000008a900000, 0x000000008a900000|100%| S|CS|TAMS 0x000000008a800000| PB 0x000000008a800000| Complete 
|  87|0x000000008a900000, 0x000000008a900000, 0x000000008aa00000|  0%| F|  |TAMS 0x000000008a900000| PB 0x000000008a900000| Untracked 
|  88|0x000000008aa00000, 0x000000008aa00000, 0x000000008ab00000|  0%| F|  |TAMS 0x000000008aa00000| PB 0x000000008aa00000| Untracked 
|  89|0x000000008ab00000, 0x000000008abfb968, 0x000000008ac00000| 98%| E|  |TAMS 0x000000008ab00000| PB 0x000000008ab00000| Complete 
|  90|0x000000008ac00000, 0x000000008ad00000, 0x000000008ad00000|100%| E|  |TAMS 0x000000008ac00000| PB 0x000000008ac00000| Complete 
|  91|0x000000008ad00000, 0x000000008ae00000, 0x000000008ae00000|100%| E|CS|TAMS 0x000000008ad00000| PB 0x000000008ad00000| Complete 
|  92|0x000000008ae00000, 0x000000008af00000, 0x000000008af00000|100%| E|CS|TAMS 0x000000008ae00000| PB 0x000000008ae00000| Complete 
|  93|0x000000008af00000, 0x000000008b000000, 0x000000008b000000|100%| E|CS|TAMS 0x000000008af00000| PB 0x000000008af00000| Complete 
|  94|0x000000008b000000, 0x000000008b100000, 0x000000008b100000|100%| E|CS|TAMS 0x000000008b000000| PB 0x000000008b000000| Complete 
|  95|0x000000008b100000, 0x000000008b200000, 0x000000008b200000|100%| E|CS|TAMS 0x000000008b100000| PB 0x000000008b100000| Complete 
|  96|0x000000008b200000, 0x000000008b300000, 0x000000008b300000|100%| E|CS|TAMS 0x000000008b200000| PB 0x000000008b200000| Complete 
|  97|0x000000008b300000, 0x000000008b400000, 0x000000008b400000|100%| E|CS|TAMS 0x000000008b300000| PB 0x000000008b300000| Complete 
|  98|0x000000008b400000, 0x000000008b500000, 0x000000008b500000|100%| E|CS|TAMS 0x000000008b400000| PB 0x000000008b400000| Complete 
|  99|0x000000008b500000, 0x000000008b600000, 0x000000008b600000|100%| E|CS|TAMS 0x000000008b500000| PB 0x000000008b500000| Complete 
| 100|0x000000008b600000, 0x000000008b700000, 0x000000008b700000|100%| E|CS|TAMS 0x000000008b600000| PB 0x000000008b600000| Complete 
| 101|0x000000008b700000, 0x000000008b800000, 0x000000008b800000|100%| E|CS|TAMS 0x000000008b700000| PB 0x000000008b700000| Complete 
| 102|0x000000008b800000, 0x000000008b900000, 0x000000008b900000|100%| E|CS|TAMS 0x000000008b800000| PB 0x000000008b800000| Complete 
| 103|0x000000008b900000, 0x000000008ba00000, 0x000000008ba00000|100%| E|CS|TAMS 0x000000008b900000| PB 0x000000008b900000| Complete 
| 104|0x000000008ba00000, 0x000000008bb00000, 0x000000008bb00000|100%| E|CS|TAMS 0x000000008ba00000| PB 0x000000008ba00000| Complete 
| 105|0x000000008bb00000, 0x000000008bc00000, 0x000000008bc00000|100%| E|CS|TAMS 0x000000008bb00000| PB 0x000000008bb00000| Complete 
| 106|0x000000008bc00000, 0x000000008bd00000, 0x000000008bd00000|100%| E|CS|TAMS 0x000000008bc00000| PB 0x000000008bc00000| Complete 
| 107|0x000000008bd00000, 0x000000008be00000, 0x000000008be00000|100%| E|CS|TAMS 0x000000008bd00000| PB 0x000000008bd00000| Complete 
| 108|0x000000008be00000, 0x000000008bf00000, 0x000000008bf00000|100%| E|CS|TAMS 0x000000008be00000| PB 0x000000008be00000| Complete 
| 109|0x000000008bf00000, 0x000000008c000000, 0x000000008c000000|100%| E|CS|TAMS 0x000000008bf00000| PB 0x000000008bf00000| Complete 
| 110|0x000000008c000000, 0x000000008c100000, 0x000000008c100000|100%| E|CS|TAMS 0x000000008c000000| PB 0x000000008c000000| Complete 
| 111|0x000000008c100000, 0x000000008c200000, 0x000000008c200000|100%| E|CS|TAMS 0x000000008c100000| PB 0x000000008c100000| Complete 
| 112|0x000000008c200000, 0x000000008c300000, 0x000000008c300000|100%| E|CS|TAMS 0x000000008c200000| PB 0x000000008c200000| Complete 
| 113|0x000000008c300000, 0x000000008c400000, 0x000000008c400000|100%| E|CS|TAMS 0x000000008c300000| PB 0x000000008c300000| Complete 
| 114|0x000000008c400000, 0x000000008c500000, 0x000000008c500000|100%| E|CS|TAMS 0x000000008c400000| PB 0x000000008c400000| Complete 
| 115|0x000000008c500000, 0x000000008c600000, 0x000000008c600000|100%| E|CS|TAMS 0x000000008c500000| PB 0x000000008c500000| Complete 
| 116|0x000000008c600000, 0x000000008c700000, 0x000000008c700000|100%| E|CS|TAMS 0x000000008c600000| PB 0x000000008c600000| Complete 
| 117|0x000000008c700000, 0x000000008c800000, 0x000000008c800000|100%| E|CS|TAMS 0x000000008c700000| PB 0x000000008c700000| Complete 
| 118|0x000000008c800000, 0x000000008c900000, 0x000000008c900000|100%| E|CS|TAMS 0x000000008c800000| PB 0x000000008c800000| Complete 
| 119|0x000000008c900000, 0x000000008ca00000, 0x000000008ca00000|100%| E|CS|TAMS 0x000000008c900000| PB 0x000000008c900000| Complete 
| 120|0x000000008ca00000, 0x000000008cb00000, 0x000000008cb00000|100%| E|CS|TAMS 0x000000008ca00000| PB 0x000000008ca00000| Complete 
| 121|0x000000008cb00000, 0x000000008cc00000, 0x000000008cc00000|100%| E|CS|TAMS 0x000000008cb00000| PB 0x000000008cb00000| Complete 
| 122|0x000000008cc00000, 0x000000008cd00000, 0x000000008cd00000|100%| E|CS|TAMS 0x000000008cc00000| PB 0x000000008cc00000| Complete 
| 123|0x000000008cd00000, 0x000000008ce00000, 0x000000008ce00000|100%| E|CS|TAMS 0x000000008cd00000| PB 0x000000008cd00000| Complete 

Card table byte_map: [0x00000198e8d10000,0x00000198e90f0000] _byte_map_base: 0x00000198e88e7000

Marking Bits: (CMBitMap*) 0x00000198d0d4d930
 Bits: [0x00000198e90f0000, 0x00000198eafa8000)

Polling page: 0x00000198cec30000

Metaspace:

Usage:
  Non-class:     15.51 MB used.
      Class:      2.72 MB used.
       Both:     18.23 MB used.

Virtual space:
  Non-class space:       64.00 MB reserved,      15.69 MB ( 25%) committed,  1 nodes.
      Class space:        1.00 GB reserved,       2.88 MB ( <1%) committed,  1 nodes.
             Both:        1.06 GB reserved,      18.56 MB (  2%) committed. 

Chunk freelists:
   Non-Class:  15.62 MB
       Class:  13.08 MB
        Both:  28.70 MB

MaxMetaspaceSize: unlimited
CompressedClassSpaceSize: 1.00 GB
Initial GC threshold: 21.00 MB
Current GC threshold: 21.00 MB
CDS: on
 - commit_granule_bytes: 65536.
 - commit_granule_words: 8192.
 - virtual_space_node_default_size: 8388608.
 - enlarge_chunks_in_place: 1.
 - use_allocation_guard: 0.


Internal statistics:

num_allocs_failed_limit: 0.
num_arena_births: 382.
num_arena_deaths: 0.
num_vsnodes_births: 2.
num_vsnodes_deaths: 0.
num_space_committed: 297.
num_space_uncommitted: 0.
num_chunks_returned_to_freelist: 0.
num_chunks_taken_from_freelist: 1034.
num_chunk_merges: 0.
num_chunk_splits: 699.
num_chunks_enlarged: 503.
num_inconsistent_stats: 0.

CodeHeap 'non-profiled nmethods': size=120000Kb used=1497Kb max_used=1497Kb free=118502Kb
 bounds [0x00000198e0ea0000, 0x00000198e1110000, 0x00000198e83d0000]
CodeHeap 'profiled nmethods': size=120000Kb used=6432Kb max_used=6432Kb free=113567Kb
 bounds [0x00000198d93d0000, 0x00000198d9a20000, 0x00000198e0900000]
CodeHeap 'non-nmethods': size=5760Kb used=1829Kb max_used=1875Kb free=3930Kb
 bounds [0x00000198e0900000, 0x00000198e0b70000, 0x00000198e0ea0000]
 total_blobs=4274 nmethods=3437 adapters=740
 compilation: enabled
              stopped_count=0, restarted_count=0
 full_count=0

Compilation events (20 events):
Event: 17.939 Thread 0x00000198f2020090 nmethod 3380 0x00000198d99fca90 code [0x00000198d99fcca0, 0x00000198d99fd4f0]
Event: 17.940 Thread 0x00000198f2020090 3382       1       com.sun.javafx.sg.prism.NGNode::isVisible (5 bytes)
Event: 17.940 Thread 0x00000198f2020090 nmethod 3382 0x00000198e1010c10 code [0x00000198e1010da0, 0x00000198e1010e70]
Event: 17.940 Thread 0x00000198f2020090 3381       3       com.sun.javafx.event.EventRedirector::dispatchCapturingEvent (52 bytes)
Event: 17.940 Thread 0x00000198f2020090 nmethod 3381 0x00000198d99fd790 code [0x00000198d99fd980, 0x00000198d99fe000]
Event: 17.940 Thread 0x00000198f2020090 3383       3       javafx.stage.Window::buildEventDispatchChain (32 bytes)
Event: 17.941 Thread 0x00000198f2020090 nmethod 3383 0x00000198d99fe190 code [0x00000198d99fe360, 0x00000198d99fe898]
Event: 17.941 Thread 0x00000198f2020090 3384       3       java.util.Collections::emptyIterator (4 bytes)
Event: 17.941 Thread 0x00000198f2020090 nmethod 3384 0x00000198d99fea90 code [0x00000198d99fec20, 0x00000198d99fed18]
Event: 17.942 Thread 0x00000198f2020090 3385       3       com.sun.javafx.event.CompositeEventDispatcher::dispatchBubblingEvent (35 bytes)
Event: 17.942 Thread 0x00000198f2020090 nmethod 3385 0x00000198d99fed90 code [0x00000198d99fef60, 0x00000198d99ff3b8]
Event: 17.944 Thread 0x00000198f2020090 3386       3       javafx.scene.text.Text::getY (19 bytes)
Event: 17.945 Thread 0x00000198f2020090 nmethod 3386 0x00000198d99ff510 code [0x00000198d99ff6e0, 0x00000198d99ffa90]
Event: 17.945 Thread 0x00000198f2020090 3388       3       javafx.scene.text.Text::getTextAttribute (24 bytes)
Event: 18.945 Thread 0x00000198f2020090 nmethod 3388 0x00000198d99ffb90 code [0x00000198d99ffd40, 0x00000198d9a00078]
Event: 18.947 Thread 0x00000198f2020090 3391       3       javafx.beans.property.ObjectPropertyBase::markInvalid (21 bytes)
Event: 18.947 Thread 0x00000198f2020090 nmethod 3391 0x00000198d9a00190 code [0x00000198d9a00340, 0x00000198d9a00618]
Event: 18.947 Thread 0x00000198f2020090 3392       3       javafx.scene.Parent::requestLayout (20 bytes)
Event: 18.948 Thread 0x00000198f21eff50 nmethod 3373 0x00000198e1011510 code [0x00000198e10116c0, 0x00000198e1011d48]
Event: 18.948 Thread 0x00000198f2020090 nmethod 3392 0x00000198d9a00710 code [0x00000198d9a008c0, 0x00000198d9a00ac0]

GC Heap History (4 events):
Event: 0.871 GC heap before
{Heap before GC invocations=0 (full 0):
 garbage-first heap   total 126976K, used 23552K [0x0000000085200000, 0x0000000100000000)
  region size 1024K, 23 young (23552K), 0 survivors (0K)
 Metaspace       used 4686K, committed 4928K, reserved 1114112K
  class space    used 558K, committed 704K, reserved 1048576K
}
Event: 0.876 GC heap after
{Heap after GC invocations=1 (full 0):
 garbage-first heap   total 126976K, used 2741K [0x0000000085200000, 0x0000000100000000)
  region size 1024K, 3 young (3072K), 3 survivors (3072K)
 Metaspace       used 4686K, committed 4928K, reserved 1114112K
  class space    used 558K, committed 704K, reserved 1048576K
}
Event: 3.181 GC heap before
{Heap before GC invocations=1 (full 0):
 garbage-first heap   total 126976K, used 38581K [0x0000000085200000, 0x0000000100000000)
  region size 1024K, 37 young (37888K), 3 survivors (3072K)
 Metaspace       used 12577K, committed 12928K, reserved 1114112K
  class space    used 1700K, committed 1856K, reserved 1048576K
}
Event: 3.193 GC heap after
{Heap after GC invocations=2 (full 0):
 garbage-first heap   total 126976K, used 8044K [0x0000000085200000, 0x0000000100000000)
  region size 1024K, 5 young (5120K), 5 survivors (5120K)
 Metaspace       used 12577K, committed 12928K, reserved 1114112K
  class space    used 1700K, committed 1856K, reserved 1048576K
}

Dll operation events (20 events):
Event: 0.491 Loaded shared library C:\Users\Nicolas Gabriel\.openjfx\cache\13\api-ms-win-crt-filesystem-l1-1-0.dll
Event: 0.495 Loaded shared library C:\Users\Nicolas Gabriel\.openjfx\cache\13\api-ms-win-crt-heap-l1-1-0.dll
Event: 0.498 Loaded shared library C:\Users\Nicolas Gabriel\.openjfx\cache\13\api-ms-win-crt-locale-l1-1-0.dll
Event: 0.505 Loaded shared library C:\Users\Nicolas Gabriel\.openjfx\cache\13\api-ms-win-crt-math-l1-1-0.dll
Event: 0.508 Loaded shared library C:\Users\Nicolas Gabriel\.openjfx\cache\13\api-ms-win-crt-multibyte-l1-1-0.dll
Event: 0.513 Loaded shared library C:\Users\Nicolas Gabriel\.openjfx\cache\13\api-ms-win-crt-private-l1-1-0.dll
Event: 0.517 Loaded shared library C:\Users\Nicolas Gabriel\.openjfx\cache\13\api-ms-win-crt-process-l1-1-0.dll
Event: 0.521 Loaded shared library C:\Users\Nicolas Gabriel\.openjfx\cache\13\api-ms-win-crt-runtime-l1-1-0.dll
Event: 0.525 Loaded shared library C:\Users\Nicolas Gabriel\.openjfx\cache\13\api-ms-win-crt-stdio-l1-1-0.dll
Event: 0.529 Loaded shared library C:\Users\Nicolas Gabriel\.openjfx\cache\13\api-ms-win-crt-string-l1-1-0.dll
Event: 0.534 Loaded shared library C:\Users\Nicolas Gabriel\.openjfx\cache\13\api-ms-win-crt-time-l1-1-0.dll
Event: 0.538 Loaded shared library C:\Users\Nicolas Gabriel\.openjfx\cache\13\api-ms-win-crt-utility-l1-1-0.dll
Event: 0.553 Loaded shared library C:\Users\Nicolas Gabriel\.openjfx\cache\13\ucrtbase.dll
Event: 0.558 Loaded shared library C:\Users\Nicolas Gabriel\.openjfx\cache\13\vcruntime140.dll
Event: 0.568 Loaded shared library C:\Users\Nicolas Gabriel\.openjfx\cache\13\msvcp140.dll
Event: 0.574 Loaded shared library C:\Users\Nicolas Gabriel\.openjfx\cache\13\concrt140.dll
Event: 0.608 Loaded shared library C:\Users\Nicolas Gabriel\.openjfx\cache\13\prism_d3d.dll
Event: 0.705 Loaded shared library C:\Users\Nicolas Gabriel\.openjfx\cache\13\glass.dll
Event: 0.858 Loaded shared library C:\Program Files\Eclipse Adoptium\jdk-21.0.4.7-hotspot\bin\jimage.dll
Event: 1.023 Loaded shared library C:\Users\Nicolas Gabriel\.openjfx\cache\13\javafx_font.dll

Deoptimization events (20 events):
Event: 15.699 Thread 0x00000198f32b8080 DEOPT PACKING pc=0x00000198e0fe408c sp=0x00000094195f85e0
Event: 15.699 Thread 0x00000198f32b8080 DEOPT UNPACKING pc=0x00000198e09546a2 sp=0x00000094195f8570 mode 2
Event: 15.700 Thread 0x00000198f32b8080 Uncommon trap: trap_request=0xffffffde fr.pc=0x00000198e0fe408c relative=0x000000000000046c
Event: 15.700 Thread 0x00000198f32b8080 Uncommon trap: reason=class_check action=maybe_recompile pc=0x00000198e0fe408c method=javafx.scene.Node.updateLocalToParentTransform()V @ 11 c2
Event: 15.700 Thread 0x00000198f32b8080 DEOPT PACKING pc=0x00000198e0fe408c sp=0x00000094195f85e0
Event: 15.700 Thread 0x00000198f32b8080 DEOPT UNPACKING pc=0x00000198e09546a2 sp=0x00000094195f8570 mode 2
Event: 15.722 Thread 0x00000198f32b8080 Uncommon trap: trap_request=0xffffff45 fr.pc=0x00000198e0f73084 relative=0x0000000000000584
Event: 15.722 Thread 0x00000198f32b8080 Uncommon trap: reason=unstable_if action=reinterpret pc=0x00000198e0f73084 method=com.sun.javafx.css.BitSet.add(Ljava/lang/Object;)Z @ 91 c2
Event: 15.722 Thread 0x00000198f32b8080 DEOPT PACKING pc=0x00000198e0f73084 sp=0x00000094195fcbd0
Event: 15.722 Thread 0x00000198f32b8080 DEOPT UNPACKING pc=0x00000198e09546a2 sp=0x00000094195fcb90 mode 2
Event: 15.794 Thread 0x00000198f262f750 Uncommon trap: trap_request=0xffffff45 fr.pc=0x00000198e0fc9eb8 relative=0x0000000000000098
Event: 15.794 Thread 0x00000198f262f750 Uncommon trap: reason=unstable_if action=reinterpret pc=0x00000198e0fc9eb8 method=com.sun.marlin.FloatMath.ceil_int(D)I @ 7 c2
Event: 15.794 Thread 0x00000198f262f750 DEOPT PACKING pc=0x00000198e0fc9eb8 sp=0x0000009418ffc880
Event: 15.794 Thread 0x00000198f262f750 DEOPT UNPACKING pc=0x00000198e09546a2 sp=0x0000009418ffc818 mode 2
Event: 17.932 Thread 0x00000198f262f750 DEOPT PACKING pc=0x00000198d98ae7f6 sp=0x0000009418ffceb0
Event: 17.932 Thread 0x00000198f262f750 DEOPT UNPACKING pc=0x00000198e0954e42 sp=0x0000009418ffc360 mode 0
Event: 17.932 Thread 0x00000198f262f750 Uncommon trap: trap_request=0xffffff6e fr.pc=0x00000198e0fc1358 relative=0x0000000000002298
Event: 17.932 Thread 0x00000198f262f750 Uncommon trap: reason=loop_limit_check action=maybe_recompile pc=0x00000198e0fc1358 method=com.sun.marlin.DRenderer._endRendering(IILcom/sun/marlin/MarlinAlphaConsumer;)V @ 1092 c2
Event: 17.932 Thread 0x00000198f262f750 DEOPT PACKING pc=0x00000198e0fc1358 sp=0x0000009418ffcc80
Event: 17.932 Thread 0x00000198f262f750 DEOPT UNPACKING pc=0x00000198e09546a2 sp=0x0000009418ffcaa0 mode 2

Classes loaded (20 events):
Event: 15.539 Loading class java/util/regex/Pattern$BnM
Event: 15.539 Loading class java/util/regex/Pattern$BnM done
Event: 15.539 Loading class java/util/regex/Pattern$SliceS
Event: 15.539 Loading class java/util/regex/Pattern$SliceS done
Event: 15.540 Loading class sun/util/locale/provider/CalendarDataUtility$CalendarFieldValueNameGetter
Event: 15.540 Loading class sun/util/locale/provider/CalendarDataUtility$CalendarFieldValueNameGetter done
Event: 15.545 Loading class java/time/temporal/WeekFields
Event: 15.545 Loading class java/time/temporal/WeekFields done
Event: 15.545 Loading class java/time/DayOfWeek
Event: 15.545 Loading class java/time/DayOfWeek done
Event: 15.545 Loading class java/time/temporal/WeekFields$ComputedDayOfField
Event: 15.545 Loading class java/time/temporal/WeekFields$ComputedDayOfField done
Event: 15.581 Loading class java/time/chrono/IsoEra
Event: 15.582 Loading class java/time/chrono/Era
Event: 15.582 Loading class java/time/chrono/Era done
Event: 15.582 Loading class java/time/chrono/IsoEra done
Event: 17.942 Loading class java/time/format/DateTimeFormatterBuilder$LocalizedPrinterParser
Event: 17.942 Loading class java/time/format/DateTimeFormatterBuilder$LocalizedPrinterParser done
Event: 17.943 Loading class sun/util/locale/provider/JavaTimeDateTimePatternImpl
Event: 17.943 Loading class sun/util/locale/provider/JavaTimeDateTimePatternImpl done

Classes unloaded (0 events):
No events

Classes redefined (0 events):
No events

Internal exceptions (20 events):
Event: 1.327 Thread 0x00000198f32b8080 Exception <a 'java/lang/NoSuchMethodError'{0x000000008b00a898}: 'int java.lang.invoke.DirectMethodHandle$Holder.invokeSpecial(java.lang.Object, java.lang.Object, java.lang.Object, int)'> (0x000000008b00a898) 
thrown [s\src\hotspot\share\interpreter\linkResolver.cpp, line 773]
Event: 1.339 Thread 0x00000198f32b8080 Exception <a 'java/lang/NoSuchMethodError'{0x000000008b0b9df0}: 'java.lang.Object java.lang.invoke.DirectMethodHandle$Holder.newInvokeSpecial(java.lang.Object, java.lang.Object, int)'> (0x000000008b0b9df0) 
thrown [s\src\hotspot\share\interpreter\linkResolver.cpp, line 773]
Event: 1.365 Thread 0x00000198f262f750 Exception <a 'java/lang/NoSuchMethodError'{0x000000008af98548}: 'int java.lang.invoke.DirectMethodHandle$Holder.invokeStaticInit(java.lang.Object, java.lang.Object)'> (0x000000008af98548) 
thrown [s\src\hotspot\share\interpreter\linkResolver.cpp, line 773]
Event: 1.383 Thread 0x00000198f262f750 Exception <a 'java/lang/NoSuchMethodError'{0x000000008ae6cb40}: 'java.lang.Object java.lang.invoke.Invokers$Holder.invokeExact_MT(java.lang.Object, java.lang.Object, java.lang.Object, java.lang.Object, java.lang.Object)'> (0x000000008ae6cb40) 
thrown [s\src\hotspot\share\interpreter\linkResolver.cpp, line 773]
Event: 2.978 Thread 0x00000198f32b8080 Exception <a 'java/lang/NoSuchMethodError'{0x000000008a910508}: 'long java.lang.invoke.DirectMethodHandle$Holder.invokeStatic(java.lang.Object, java.lang.Object, java.lang.Object)'> (0x000000008a910508) 
thrown [s\src\hotspot\share\interpreter\linkResolver.cpp, line 773]
Event: 2.978 Thread 0x00000198f32b8080 Exception <a 'java/lang/NoSuchMethodError'{0x000000008a913908}: 'long java.lang.invoke.DirectMethodHandle$Holder.invokeStaticInit(java.lang.Object, java.lang.Object, java.lang.Object)'> (0x000000008a913908) 
thrown [s\src\hotspot\share\interpreter\linkResolver.cpp, line 773]
Event: 2.980 Thread 0x00000198f32b8080 Exception <a 'java/lang/NoSuchMethodError'{0x000000008a928580}: 'java.lang.Object java.lang.invoke.DirectMethodHandle$Holder.newInvokeSpecial(java.lang.Object, java.lang.Object, long)'> (0x000000008a928580) 
thrown [s\src\hotspot\share\interpreter\linkResolver.cpp, line 773]
Event: 2.980 Thread 0x00000198f32b8080 Exception <a 'java/lang/NoSuchMethodError'{0x000000008a92bec8}: 'java.lang.Object java.lang.invoke.Invokers$Holder.linkToTargetMethod(java.lang.Object, long, java.lang.Object)'> (0x000000008a92bec8) 
thrown [s\src\hotspot\share\interpreter\linkResolver.cpp, line 773]
Event: 3.214 Thread 0x00000198f32b8080 Exception <a 'java/lang/ClassNotFoundException'{0x000000008cc0b830}: com/sun/javafx/scene/control/skin/resources/controls> (0x000000008cc0b830) 
thrown [s\src\hotspot\share\prims\jni.cpp, line 539]
Event: 3.215 Thread 0x00000198f32b8080 Exception <a 'java/lang/ClassNotFoundException'{0x000000008cc194c8}: com/sun/javafx/scene/control/skin/resources/controls_es> (0x000000008cc194c8) 
thrown [s\src\hotspot\share\prims\jni.cpp, line 539]
Event: 3.216 Thread 0x00000198f32b8080 Exception <a 'java/lang/ClassNotFoundException'{0x000000008cc26d48}: com/sun/javafx/scene/control/skin/resources/controls_es_CO> (0x000000008cc26d48) 
thrown [s\src\hotspot\share\prims\jni.cpp, line 539]
Event: 5.748 Thread 0x00000198f32b8080 Exception <a 'java/lang/NoSuchMethodError'{0x000000008c7e1af8}: 'void java.lang.invoke.DirectMethodHandle$Holder.invokeSpecial(java.lang.Object, java.lang.Object, java.lang.Object, java.lang.Object, java.lang.Object, java.lang.Object)'> (0x000000008c7e1af8) 
thrown [s\src\hotspot\share\interpreter\linkResolver.cpp, line 773]
Event: 5.758 Thread 0x00000198f32b8080 Exception <a 'java/lang/NoSuchMethodError'{0x000000008c695cc8}: 'void java.lang.invoke.DirectMethodHandle$Holder.invokeSpecial(java.lang.Object, java.lang.Object, int)'> (0x000000008c695cc8) 
thrown [s\src\hotspot\share\interpreter\linkResolver.cpp, line 773]
Event: 5.759 Thread 0x00000198f32b8080 Exception <a 'java/lang/NoSuchMethodError'{0x000000008c69d0a8}: 'void java.lang.invoke.DelegatingMethodHandle$Holder.reinvoke_L(java.lang.Object, java.lang.Object, int)'> (0x000000008c69d0a8) 
thrown [s\src\hotspot\share\interpreter\linkResolver.cpp, line 773]
Event: 5.822 Thread 0x00000198f32b8080 Exception <a 'java/lang/ClassNotFoundException'{0x000000008c338100}: com/sun/javafx/scene/control/skin/resources/controls-nt> (0x000000008c338100) 
thrown [s\src\hotspot\share\prims\jni.cpp, line 539]
Event: 5.822 Thread 0x00000198f32b8080 Exception <a 'java/lang/ClassNotFoundException'{0x000000008c3405b0}: com/sun/javafx/scene/control/skin/resources/controls-nt_es> (0x000000008c3405b0) 
thrown [s\src\hotspot\share\prims\jni.cpp, line 539]
Event: 5.822 Thread 0x00000198f32b8080 Exception <a 'java/lang/ClassNotFoundException'{0x000000008c341b28}: com/sun/javafx/scene/control/skin/resources/controls-nt_es_CO> (0x000000008c341b28) 
thrown [s\src\hotspot\share\prims\jni.cpp, line 539]
Event: 5.843 Thread 0x00000198f32b8080 Exception <a 'java/lang/NoSuchMethodError'{0x000000008c281dd0}: 'void java.lang.invoke.DirectMethodHandle$Holder.invokeSpecialIFC(java.lang.Object, java.lang.Object, java.lang.Object, java.lang.Object)'> (0x000000008c281dd0) 
thrown [s\src\hotspot\share\interpreter\linkResolver.cpp, line 773]
Event: 15.480 Thread 0x00000198f32b8080 Exception <a 'sun/nio/fs/WindowsException'{0x000000008b3d24f0}> (0x000000008b3d24f0) 
thrown [s\src\hotspot\share\prims\jni.cpp, line 520]
Event: 15.780 Thread 0x00000198f262f750 Exception <a 'java/lang/NoSuchMethodError'{0x000000008b3a0000}: 'java.lang.Object java.lang.invoke.DirectMethodHandle$Holder.invokeStaticInit(java.lang.Object, int)'> (0x000000008b3a0000) 
thrown [s\src\hotspot\share\interpreter\linkResolver.cpp, line 773]

ZGC Phase Switch (0 events):
No events

VM Operations (20 events):
Event: 5.874 Executing VM operation: HandshakeAllThreads (Deoptimize)
Event: 5.874 Executing VM operation: HandshakeAllThreads (Deoptimize) done
Event: 6.054 Executing VM operation: ICBufferFull
Event: 6.055 Executing VM operation: ICBufferFull done
Event: 8.054 Executing VM operation: Cleanup
Event: 8.054 Executing VM operation: Cleanup done
Event: 13.056 Executing VM operation: Cleanup
Event: 13.393 Executing VM operation: Cleanup done
Event: 15.394 Executing VM operation: Cleanup
Event: 15.420 Executing VM operation: Cleanup done
Event: 15.548 Executing VM operation: HandshakeAllThreads (Deoptimize)
Event: 15.548 Executing VM operation: HandshakeAllThreads (Deoptimize) done
Event: 15.576 Executing VM operation: HandshakeAllThreads (Deoptimize)
Event: 15.576 Executing VM operation: HandshakeAllThreads (Deoptimize) done
Event: 15.766 Executing VM operation: ICBufferFull
Event: 15.766 Executing VM operation: ICBufferFull done
Event: 16.767 Executing VM operation: Cleanup
Event: 16.882 Executing VM operation: Cleanup done
Event: 18.882 Executing VM operation: Cleanup
Event: 18.947 Executing VM operation: Cleanup done

Memory protections (0 events):
No events

Nmethod flushes (0 events):
No events

Events (20 events):
Event: 0.706 Thread 0x00000198f21454e0 Thread exited: 0x00000198f21454e0
Event: 0.707 Thread 0x00000198ce9c1050 Thread added: 0x00000198f21454e0
Event: 0.709 Thread 0x00000198ce9c1050 Thread added: 0x00000198f32b8080
Event: 0.799 Thread 0x00000198ce9c1050 Thread added: 0x00000198f34cfb10
Event: 0.801 Thread 0x00000198f34d61a0 Thread added: 0x00000198f34d61a0
Event: 0.888 Thread 0x00000198f2020090 Thread added: 0x00000198f3731c20
Event: 0.888 Thread 0x00000198f2020090 Thread added: 0x00000198f37322d0
Event: 1.294 Thread 0x00000198f32b8080 Thread added: 0x00000198f3c17450
Event: 1.403 Thread 0x00000198f262f750 Thread added: 0x00000198f376f0d0
Event: 2.482 Thread 0x00000198f37322d0 Thread exited: 0x00000198f37322d0
Event: 2.487 Thread 0x00000198f3731c20 Thread exited: 0x00000198f3731c20
Event: 3.266 Thread 0x00000198f2020090 Thread added: 0x00000198fdf92fd0
Event: 3.409 Thread 0x00000198fdf92fd0 Thread exited: 0x00000198fdf92fd0
Event: 5.897 Thread 0x00000198f2020090 Thread added: 0x00000198f21eff50
Event: 5.918 Thread 0x00000198f2020090 Thread added: 0x00000198f20937e0
Event: 11.329 Thread 0x00000198f20937e0 Thread exited: 0x00000198f20937e0
Event: 12.365 Thread 0x00000198f21eff50 Thread exited: 0x00000198f21eff50
Event: 12.388 Thread 0x00000198f2020090 Thread added: 0x00000198f21eff50
Event: 12.389 Thread 0x00000198f2020090 Thread added: 0x00000198fe5b95f0
Event: 17.895 Thread 0x00000198fe5b95f0 Thread exited: 0x00000198fe5b95f0


Dynamic libraries:
0x00007ff61f8b0000 - 0x00007ff61f8be000 	C:\Program Files\Eclipse Adoptium\jdk-21.0.4.7-hotspot\bin\java.exe
0x00007ffe03c60000 - 0x00007ffe03ec3000 	C:\WINDOWS\SYSTEM32\ntdll.dll
0x00007ffe022a0000 - 0x00007ffe02368000 	C:\WINDOWS\System32\KERNEL32.DLL
0x00007ffe015e0000 - 0x00007ffe01991000 	C:\WINDOWS\System32\KERNELBASE.dll
0x00007ffe01100000 - 0x00007ffe0124b000 	C:\WINDOWS\System32\ucrtbase.dll
0x00007ffdf9260000 - 0x00007ffdf9278000 	C:\Program Files\Eclipse Adoptium\jdk-21.0.4.7-hotspot\bin\jli.dll
0x00007ffdf5590000 - 0x00007ffdf55ab000 	C:\Program Files\Eclipse Adoptium\jdk-21.0.4.7-hotspot\bin\VCRUNTIME140.dll
0x00007ffe030b0000 - 0x00007ffe03278000 	C:\WINDOWS\System32\USER32.dll
0x00007ffddf030000 - 0x00007ffddf2c0000 	C:\WINDOWS\WinSxS\amd64_microsoft.windows.common-controls_6595b64144ccf1df_6.0.26100.2161_none_3e0cadb0e33078e1\COMCTL32.dll
0x00007ffe01250000 - 0x00007ffe01277000 	C:\WINDOWS\System32\win32u.dll
0x00007ffe029b0000 - 0x00007ffe02a59000 	C:\WINDOWS\System32\msvcrt.dll
0x00007ffe03890000 - 0x00007ffe038ba000 	C:\WINDOWS\System32\GDI32.dll
0x00007ffe019a0000 - 0x00007ffe01ac5000 	C:\WINDOWS\System32\gdi32full.dll
0x00007ffe01050000 - 0x00007ffe010f3000 	C:\WINDOWS\System32\msvcp_win.dll
0x00007ffe02c10000 - 0x00007ffe02c3f000 	C:\WINDOWS\System32\IMM32.DLL
0x00007ffdfb500000 - 0x00007ffdfb50c000 	C:\Program Files\Eclipse Adoptium\jdk-21.0.4.7-hotspot\bin\vcruntime140_1.dll
0x00007ffdf4760000 - 0x00007ffdf47ee000 	C:\Program Files\Eclipse Adoptium\jdk-21.0.4.7-hotspot\bin\msvcp140.dll
0x00007ffd98b80000 - 0x00007ffd99908000 	C:\Program Files\Eclipse Adoptium\jdk-21.0.4.7-hotspot\bin\server\jvm.dll
0x00007ffe01ad0000 - 0x00007ffe01b84000 	C:\WINDOWS\System32\ADVAPI32.dll
0x00007ffe03950000 - 0x00007ffe039f6000 	C:\WINDOWS\System32\sechost.dll
0x00007ffe03280000 - 0x00007ffe03396000 	C:\WINDOWS\System32\RPCRT4.dll
0x00007ffe02700000 - 0x00007ffe02774000 	C:\WINDOWS\System32\WS2_32.dll
0x00007ffdf5c60000 - 0x00007ffdf5c96000 	C:\WINDOWS\SYSTEM32\WINMM.dll
0x00007ffe00ee0000 - 0x00007ffe00f2e000 	C:\WINDOWS\SYSTEM32\POWRPROF.dll
0x00007ffdec890000 - 0x00007ffdec89b000 	C:\WINDOWS\SYSTEM32\VERSION.dll
0x00007ffe00ec0000 - 0x00007ffe00ed4000 	C:\WINDOWS\SYSTEM32\UMPDC.dll
0x00007ffdffea0000 - 0x00007ffdffeba000 	C:\WINDOWS\SYSTEM32\kernel.appcore.dll
0x00007ffdf9250000 - 0x00007ffdf925a000 	C:\Program Files\Eclipse Adoptium\jdk-21.0.4.7-hotspot\bin\jimage.dll
0x00007ffdfe8b0000 - 0x00007ffdfeaf1000 	C:\WINDOWS\SYSTEM32\DBGHELP.DLL
0x00007ffe02380000 - 0x00007ffe026fd000 	C:\WINDOWS\System32\combase.dll
0x00007ffe02e70000 - 0x00007ffe02f46000 	C:\WINDOWS\System32\OLEAUT32.dll
0x00007ffdf4660000 - 0x00007ffdf4699000 	C:\WINDOWS\SYSTEM32\dbgcore.DLL
0x00007ffe01540000 - 0x00007ffe015d9000 	C:\WINDOWS\System32\bcryptPrimitives.dll
0x00007ffdf48e0000 - 0x00007ffdf48ff000 	C:\Program Files\Eclipse Adoptium\jdk-21.0.4.7-hotspot\bin\java.dll
0x00007ffe01b90000 - 0x00007ffe0228f000 	C:\WINDOWS\System32\SHELL32.dll
0x00007ffdfeda0000 - 0x00007ffdff5cd000 	C:\WINDOWS\SYSTEM32\windows.storage.dll
0x00007ffe03b40000 - 0x00007ffe03c13000 	C:\WINDOWS\System32\SHCORE.dll
0x00007ffe02780000 - 0x00007ffe027dd000 	C:\WINDOWS\System32\shlwapi.dll
0x00007ffe00f60000 - 0x00007ffe00f8e000 	C:\WINDOWS\SYSTEM32\profapi.dll
0x00007ffdec220000 - 0x00007ffdec2f7000 	C:\Program Files\Eclipse Adoptium\jdk-21.0.4.7-hotspot\bin\jsvml.dll
0x00007ffdf48d0000 - 0x00007ffdf48e0000 	C:\Program Files\Eclipse Adoptium\jdk-21.0.4.7-hotspot\bin\net.dll
0x00007ffdf4ca0000 - 0x00007ffdf4dc6000 	C:\WINDOWS\SYSTEM32\WINHTTP.dll
0x00007ffe003a0000 - 0x00007ffe00408000 	C:\WINDOWS\system32\mswsock.dll
0x00007ffdf4740000 - 0x00007ffdf4756000 	C:\Program Files\Eclipse Adoptium\jdk-21.0.4.7-hotspot\bin\nio.dll
0x00007ffdf4720000 - 0x00007ffdf4738000 	C:\Program Files\Eclipse Adoptium\jdk-21.0.4.7-hotspot\bin\zip.dll
0x00000198ced00000 - 0x00000198ced03000 	C:\Users\Nicolas Gabriel\.openjfx\cache\13\api-ms-win-core-console-l1-1-0.dll
0x00000198d0c00000 - 0x00000198d0c03000 	C:\Users\Nicolas Gabriel\.openjfx\cache\13\api-ms-win-core-datetime-l1-1-0.dll
0x00000198d0c10000 - 0x00000198d0c13000 	C:\Users\Nicolas Gabriel\.openjfx\cache\13\api-ms-win-core-debug-l1-1-0.dll
0x00000198d0c20000 - 0x00000198d0c23000 	C:\Users\Nicolas Gabriel\.openjfx\cache\13\api-ms-win-core-errorhandling-l1-1-0.dll
0x00000198d0c30000 - 0x00000198d0c34000 	C:\Users\Nicolas Gabriel\.openjfx\cache\13\api-ms-win-core-file-l1-1-0.dll
0x00000198d0c40000 - 0x00000198d0c43000 	C:\Users\Nicolas Gabriel\.openjfx\cache\13\api-ms-win-core-file-l1-2-0.dll
0x00000198d0c50000 - 0x00000198d0c53000 	C:\Users\Nicolas Gabriel\.openjfx\cache\13\api-ms-win-core-file-l2-1-0.dll
0x00000198d0c60000 - 0x00000198d0c63000 	C:\Users\Nicolas Gabriel\.openjfx\cache\13\api-ms-win-core-handle-l1-1-0.dll
0x00000198d0c70000 - 0x00000198d0c73000 	C:\Users\Nicolas Gabriel\.openjfx\cache\13\api-ms-win-core-heap-l1-1-0.dll
0x00000198d0c80000 - 0x00000198d0c83000 	C:\Users\Nicolas Gabriel\.openjfx\cache\13\api-ms-win-core-interlocked-l1-1-0.dll
0x00000198d0c90000 - 0x00000198d0c93000 	C:\Users\Nicolas Gabriel\.openjfx\cache\13\api-ms-win-core-libraryloader-l1-1-0.dll
0x00000198d0ca0000 - 0x00000198d0ca3000 	C:\Users\Nicolas Gabriel\.openjfx\cache\13\api-ms-win-core-localization-l1-2-0.dll
0x00000198d0cb0000 - 0x00000198d0cb3000 	C:\Users\Nicolas Gabriel\.openjfx\cache\13\api-ms-win-core-memory-l1-1-0.dll
0x00000198edd80000 - 0x00000198edd83000 	C:\Users\Nicolas Gabriel\.openjfx\cache\13\api-ms-win-core-namedpipe-l1-1-0.dll
0x00000198edd90000 - 0x00000198edd93000 	C:\Users\Nicolas Gabriel\.openjfx\cache\13\api-ms-win-core-processenvironment-l1-1-0.dll
0x00000198edda0000 - 0x00000198edda3000 	C:\Users\Nicolas Gabriel\.openjfx\cache\13\api-ms-win-core-processthreads-l1-1-0.dll
0x00000198eddb0000 - 0x00000198eddb3000 	C:\Users\Nicolas Gabriel\.openjfx\cache\13\api-ms-win-core-processthreads-l1-1-1.dll
0x00000198eddc0000 - 0x00000198eddc3000 	C:\Users\Nicolas Gabriel\.openjfx\cache\13\api-ms-win-core-profile-l1-1-0.dll
0x00000198eddd0000 - 0x00000198eddd3000 	C:\Users\Nicolas Gabriel\.openjfx\cache\13\api-ms-win-core-rtlsupport-l1-1-0.dll
0x00000198edde0000 - 0x00000198edde3000 	C:\Users\Nicolas Gabriel\.openjfx\cache\13\api-ms-win-core-string-l1-1-0.dll
0x00000198eddf0000 - 0x00000198eddf3000 	C:\Users\Nicolas Gabriel\.openjfx\cache\13\api-ms-win-core-synch-l1-1-0.dll
0x00000198ede00000 - 0x00000198ede03000 	C:\Users\Nicolas Gabriel\.openjfx\cache\13\api-ms-win-core-synch-l1-2-0.dll
0x00000198ede10000 - 0x00000198ede13000 	C:\Users\Nicolas Gabriel\.openjfx\cache\13\api-ms-win-core-sysinfo-l1-1-0.dll
0x00000198ede20000 - 0x00000198ede23000 	C:\Users\Nicolas Gabriel\.openjfx\cache\13\api-ms-win-core-timezone-l1-1-0.dll
0x00000198ede30000 - 0x00000198ede33000 	C:\Users\Nicolas Gabriel\.openjfx\cache\13\api-ms-win-core-util-l1-1-0.dll
0x00000198ede40000 - 0x00000198ede43000 	C:\Users\Nicolas Gabriel\.openjfx\cache\13\api-ms-win-crt-conio-l1-1-0.dll
0x00000198ede50000 - 0x00000198ede54000 	C:\Users\Nicolas Gabriel\.openjfx\cache\13\api-ms-win-crt-convert-l1-1-0.dll
0x00000198ede60000 - 0x00000198ede63000 	C:\Users\Nicolas Gabriel\.openjfx\cache\13\api-ms-win-crt-environment-l1-1-0.dll
0x00000198ede70000 - 0x00000198ede73000 	C:\Users\Nicolas Gabriel\.openjfx\cache\13\api-ms-win-crt-filesystem-l1-1-0.dll
0x00000198ede80000 - 0x00000198ede83000 	C:\Users\Nicolas Gabriel\.openjfx\cache\13\api-ms-win-crt-heap-l1-1-0.dll
0x00000198ede90000 - 0x00000198ede93000 	C:\Users\Nicolas Gabriel\.openjfx\cache\13\api-ms-win-crt-locale-l1-1-0.dll
0x00000198edea0000 - 0x00000198edea5000 	C:\Users\Nicolas Gabriel\.openjfx\cache\13\api-ms-win-crt-math-l1-1-0.dll
0x00000198edeb0000 - 0x00000198edeb5000 	C:\Users\Nicolas Gabriel\.openjfx\cache\13\api-ms-win-crt-multibyte-l1-1-0.dll
0x00000198edec0000 - 0x00000198eded0000 	C:\Users\Nicolas Gabriel\.openjfx\cache\13\api-ms-win-crt-private-l1-1-0.dll
0x00000198eded0000 - 0x00000198eded3000 	C:\Users\Nicolas Gabriel\.openjfx\cache\13\api-ms-win-crt-process-l1-1-0.dll
0x00000198edee0000 - 0x00000198edee4000 	C:\Users\Nicolas Gabriel\.openjfx\cache\13\api-ms-win-crt-runtime-l1-1-0.dll
0x00000198edef0000 - 0x00000198edef4000 	C:\Users\Nicolas Gabriel\.openjfx\cache\13\api-ms-win-crt-stdio-l1-1-0.dll
0x00000198edf00000 - 0x00000198edf04000 	C:\Users\Nicolas Gabriel\.openjfx\cache\13\api-ms-win-crt-string-l1-1-0.dll
0x00000198edf10000 - 0x00000198edf13000 	C:\Users\Nicolas Gabriel\.openjfx\cache\13\api-ms-win-crt-time-l1-1-0.dll
0x00000198edf20000 - 0x00000198edf23000 	C:\Users\Nicolas Gabriel\.openjfx\cache\13\api-ms-win-crt-utility-l1-1-0.dll
0x00007ffde8ca0000 - 0x00007ffde8d9c000 	C:\Users\Nicolas Gabriel\.openjfx\cache\13\ucrtbase.dll
0x00007ffdec200000 - 0x00007ffdec215000 	C:\Users\Nicolas Gabriel\.openjfx\cache\13\vcruntime140.dll
0x00007ffdec160000 - 0x00007ffdec1fb000 	C:\Users\Nicolas Gabriel\.openjfx\cache\13\msvcp140.dll
0x00007ffde94f0000 - 0x00007ffde9541000 	C:\Users\Nicolas Gabriel\.openjfx\cache\13\concrt140.dll
0x00007ffde94c0000 - 0x00007ffde94e3000 	C:\Users\Nicolas Gabriel\.openjfx\cache\13\prism_d3d.dll
0x00007ffdb3850000 - 0x00007ffdb39f6000 	C:\WINDOWS\system32\d3d9.dll
0x00007ffdfe110000 - 0x00007ffdfe13e000 	C:\WINDOWS\SYSTEM32\dwmapi.dll
0x00007ffdfdf00000 - 0x00007ffdfdf45000 	C:\WINDOWS\SYSTEM32\dxcore.dll
0x00007ffdfde20000 - 0x00007ffdfdecd000 	C:\WINDOWS\system32\uxtheme.dll
0x00007ffde8be0000 - 0x00007ffde8c9b000 	C:\WINDOWS\SYSTEM32\d3d9on12.dll
0x00007ffdfdfc0000 - 0x00007ffdfe0eb000 	C:\WINDOWS\SYSTEM32\dxgi.dll
0x00007ffd9f9b0000 - 0x00007ffd9f9d3000 	C:\WINDOWS\SYSTEM32\d3d12.dll
0x00007ffdfdf60000 - 0x00007ffdfdfbc000 	C:\WINDOWS\SYSTEM32\directxdatabasehelper.dll
0x00007ffe00bb0000 - 0x00007ffe00c0f000 	C:\WINDOWS\SYSTEM32\cfgmgr32.dll
0x00007ffde8960000 - 0x00007ffde8bd6000 	C:\WINDOWS\SYSTEM32\D3D12Core.dll
0x00007ffde9490000 - 0x00007ffde94b6000 	C:\WINDOWS\System32\DriverStore\FileRepository\iigd_dch.inf_amd64_84a4d1c232ade587\igd12umd64.dll
0x00007ffd95d20000 - 0x00007ffd97e44000 	C:\WINDOWS\System32\DriverStore\FileRepository\iigd_dch.inf_amd64_84a4d1c232ade587\igd12um64xel.dll
0x00007ffe013c0000 - 0x00007ffe01536000 	C:\WINDOWS\System32\CRYPT32.dll
0x00007ffe02cd0000 - 0x00007ffe02e69000 	C:\WINDOWS\System32\ole32.dll
0x00007ffe00810000 - 0x00007ffe00836000 	C:\WINDOWS\SYSTEM32\bcrypt.dll
0x00007ffdecce0000 - 0x00007ffdece57000 	C:\WINDOWS\SYSTEM32\drvstore.dll
0x00007ffde9460000 - 0x00007ffde9487000 	C:\WINDOWS\System32\DriverStore\FileRepository\iigd_dch.inf_amd64_84a4d1c232ade587\igdext64.dll
0x00007ffdf5690000 - 0x00007ffdf572c000 	C:\WINDOWS\System32\DriverStore\FileRepository\iigd_dch.inf_amd64_84a4d1c232ade587\IntelControlLib.dll
0x00007ffdf5000000 - 0x00007ffdf543f000 	C:\WINDOWS\System32\DriverStore\FileRepository\iigd_dch.inf_amd64_84a4d1c232ade587\igdgmm64.dll
0x00007ffdf5520000 - 0x00007ffdf5544000 	C:\WINDOWS\System32\DriverStore\FileRepository\iigd_dch.inf_amd64_84a4d1c232ade587\igc64.dll
0x00007ffdefab0000 - 0x00007ffdf421b000 	C:\WINDOWS\System32\DriverStore\FileRepository\iigd_dch.inf_amd64_84a4d1c232ade587\igc1464.dll
0x00007ffde9160000 - 0x00007ffde918e000 	C:\WINDOWS\SYSTEM32\D3DSCache.dll
0x00007ffe00440000 - 0x00007ffe0046b000 	C:\WINDOWS\SYSTEM32\USERENV.dll
0x00007ffddb7b0000 - 0x00007ffddbad0000 	C:\WINDOWS\System32\DriverStore\FileRepository\iigd_dch.inf_amd64_84a4d1c232ade587\igd12dxva64.dll
0x00007ffe033a0000 - 0x00007ffe03825000 	C:\WINDOWS\System32\SETUPAPI.dll
0x00007ffde65b0000 - 0x00007ffde7933000 	C:\WINDOWS\System32\DriverStore\FileRepository\iigd_dch.inf_amd64_84a4d1c232ade587\igddxvacommon64.dll
0x00007ffde4630000 - 0x00007ffde635b000 	C:\WINDOWS\System32\DriverStore\FileRepository\iigd_dch.inf_amd64_84a4d1c232ade587\media_bin_64.dll
0x00007ffde3f50000 - 0x00007ffde3f77000 	C:\WINDOWS\System32\DriverStore\FileRepository\iigd_dch.inf_amd64_84a4d1c232ade587\igdinfo64.dll
0x00007ffddb760000 - 0x00007ffddb7a5000 	C:\Users\Nicolas Gabriel\.openjfx\cache\13\glass.dll
0x00007ffe03a40000 - 0x00007ffe03b2d000 	C:\WINDOWS\System32\COMDLG32.dll
0x00007ffe02f50000 - 0x00007ffe030ab000 	C:\WINDOWS\System32\MSCTF.dll
0x00007ffdf4820000 - 0x00007ffdf4834000 	C:\Users\Nicolas Gabriel\.openjfx\cache\13\javafx_font.dll
0x00007ffdf9fd0000 - 0x00007ffdfa235000 	C:\WINDOWS\SYSTEM32\dwrite.dll
0x00007ffe02af0000 - 0x00007ffe02b98000 	C:\WINDOWS\System32\clbcatq.dll
0x00007ffdfdbf0000 - 0x00007ffdfde1a000 	C:\WINDOWS\SYSTEM32\WindowsCodecs.dll
0x00007ffde34c0000 - 0x00007ffde351a000 	C:\WINDOWS\system32\dataexchange.dll
0x00007ffdee440000 - 0x00007ffdee677000 	C:\WINDOWS\system32\twinapi.appcore.dll
0x00007ffde8770000 - 0x00007ffde879c000 	C:\Program Files\Common Files\Microsoft Shared\Ink\rtscom.dll

dbghelp: loaded successfully - version: 4.0.5 - missing functions: none
symbol engine: initialized successfully - sym options: 0x614 - pdb path: .;C:\Program Files\Eclipse Adoptium\jdk-21.0.4.7-hotspot\bin;C:\WINDOWS\SYSTEM32;C:\WINDOWS\WinSxS\amd64_microsoft.windows.common-controls_6595b64144ccf1df_6.0.26100.2161_none_3e0cadb0e33078e1;C:\Program Files\Eclipse Adoptium\jdk-21.0.4.7-hotspot\bin\server;C:\Users\Nicolas Gabriel\.openjfx\cache\13;C:\WINDOWS\System32\DriverStore\FileRepository\iigd_dch.inf_amd64_84a4d1c232ade587;C:\Program Files\Common Files\Microsoft Shared\Ink

VM Arguments:
jvm_args: -XX:+ShowCodeDetailsInExceptionMessages --module-path=D:\SEMESTRE II\PROGRAMACIÓN I\PROYECTOJAVA\UQ\JavaFX\prueba\target\classes;C:\Users\Nicolas Gabriel\.m2\repository\org\openjfx\javafx-controls\13\javafx-controls-13-win.jar;C:\Users\Nicolas Gabriel\.m2\repository\org\openjfx\javafx-graphics\13\javafx-graphics-13-win.jar;C:\Users\Nicolas Gabriel\.m2\repository\org\openjfx\javafx-base\13\javafx-base-13-win.jar;C:\Users\Nicolas Gabriel\.m2\repository\org\openjfx\javafx-fxml\13\javafx-fxml-13-win.jar -Djdk.module.main=co.edu.uniquindio.poo 
java_command: co.edu.uniquindio.poo/co.edu.uniquindio.poo.App
java_class_path (initial): C:\Users\Nicolas Gabriel\.m2\repository\org\openjfx\javafx-controls\13\javafx-controls-13.jar;C:\Users\Nicolas Gabriel\.m2\repository\org\openjfx\javafx-graphics\13\javafx-graphics-13.jar;C:\Users\Nicolas Gabriel\.m2\repository\org\openjfx\javafx-base\13\javafx-base-13.jar;C:\Users\Nicolas Gabriel\.m2\repository\org\openjfx\javafx-fxml\13\javafx-fxml-13.jar
Launcher Type: SUN_STANDARD

[Global flags]
     intx CICompilerCount                          = 4                                         {product} {ergonomic}
     uint ConcGCThreads                            = 3                                         {product} {ergonomic}
     uint G1ConcRefinementThreads                  = 10                                        {product} {ergonomic}
   size_t G1HeapRegionSize                         = 1048576                                   {product} {ergonomic}
    uintx GCDrainStackTargetSize                   = 64                                        {product} {ergonomic}
   size_t InitialHeapSize                          = 130023424                                 {product} {ergonomic}
   size_t MarkStackSize                            = 4194304                                   {product} {ergonomic}
   size_t MaxHeapSize                              = 2061500416                                {product} {ergonomic}
   size_t MaxNewSize                               = 1236271104                                {product} {ergonomic}
   size_t MinHeapDeltaBytes                        = 1048576                                   {product} {ergonomic}
   size_t MinHeapSize                              = 8388608                                   {product} {ergonomic}
    uintx NonNMethodCodeHeapSize                   = 5839372                                {pd product} {ergonomic}
    uintx NonProfiledCodeHeapSize                  = 122909434                              {pd product} {ergonomic}
    uintx ProfiledCodeHeapSize                     = 122909434                              {pd product} {ergonomic}
    uintx ReservedCodeCacheSize                    = 251658240                              {pd product} {ergonomic}
     bool SegmentedCodeCache                       = true                                      {product} {ergonomic}
     bool ShowCodeDetailsInExceptionMessages       = true                                   {manageable} {command line}
   size_t SoftMaxHeapSize                          = 2061500416                             {manageable} {ergonomic}
     bool UseCompressedOops                        = true                           {product lp64_product} {ergonomic}
     bool UseG1GC                                  = true                                      {product} {ergonomic}
     bool UseLargePagesIndividualAllocation        = false                                  {pd product} {ergonomic}

Logging:
Log output configuration:
 #0: stdout all=warning uptime,level,tags foldmultilines=false
 #1: stderr all=off uptime,level,tags foldmultilines=false

Environment Variables:
JAVA_HOME=C:\Program Files\Eclipse Adoptium\jdk-21.0.4.7-hotspot\
PATH=C:\Program Files\Eclipse Adoptium\jdk-21.0.4.7-hotspot\bin;C:\Program Files (x86)\Common Files\Oracle\Java\java8path;C:\Program Files (x86)\Common Files\Oracle\Java\javapath;C:\WINDOWS\system32;C:\WINDOWS;C:\WINDOWS\System32\Wbem;C:\WINDOWS\System32\WindowsPowerShell\v1.0\;C:\WINDOWS\System32\OpenSSH\;C:\Program Files\dotnet\;C:\Program Files\Git\cmd;C:\Users\Nicolas Gabriel\AppData\Local\Programs\Python\Python312\Scripts\;C:\Users\Nicolas Gabriel\AppData\Local\Programs\Python\Python312\;C:\Users\Nicolas Gabriel\AppData\Local\Microsoft\WindowsApps;C:\Users\Nicolas Gabriel\AppData\Local\Programs\Microsoft VS Code\bin;C:\\Users\\Nicolas Gabriel\\AppData\\Roaming\\jupyter\\runtime\\jpserver-13004-open.html;
USERNAME=Nicolas Gabriel
LANG=es_ES.UTF-8
OS=Windows_NT
PROCESSOR_IDENTIFIER=Intel64 Family 6 Model 154 Stepping 4, GenuineIntel
TMP=C:\Users\NICOLA~1\AppData\Local\Temp
TEMP=C:\Users\NICOLA~1\AppData\Local\Temp




Periodic native trim disabled

---------------  S Y S T E M  ---------------

OS:
 Windows 11 , 64 bit Build 26100 (10.0.26100.2161)
OS uptime: 4 days 7:57 hours
Hyper-V role detected

CPU: total 12 (initial active 12) (6 cores per cpu, 2 threads per core) family 6 model 154 stepping 4 microcode 0x42c, cx8, cmov, fxsr, ht, mmx, 3dnowpref, sse, sse2, sse3, ssse3, sse4.1, sse4.2, popcnt, lzcnt, tsc, tscinvbit, avx, avx2, aes, erms, clmul, bmi1, bmi2, adx, sha, fma, vzeroupper, clflush, clflushopt, clwb, hv, serialize, rdtscp, rdpid, fsrm, f16c, cet_ibt, cet_ss
Processor Information for processor 0
  Max Mhz: 1300, Current Mhz: 1300, Mhz Limit: 1300
Processor Information for processor 1
  Max Mhz: 1300, Current Mhz: 1300, Mhz Limit: 1300
Processor Information for processor 2
  Max Mhz: 1300, Current Mhz: 1300, Mhz Limit: 1300
Processor Information for processor 3
  Max Mhz: 1300, Current Mhz: 1300, Mhz Limit: 1300
Processor Information for processor 4
  Max Mhz: 1300, Current Mhz: 900, Mhz Limit: 897
Processor Information for processor 5
  Max Mhz: 1300, Current Mhz: 900, Mhz Limit: 897
Processor Information for processor 6
  Max Mhz: 1300, Current Mhz: 900, Mhz Limit: 897
Processor Information for processor 7
  Max Mhz: 1300, Current Mhz: 900, Mhz Limit: 897
Processor Information for processor 8
  Max Mhz: 1300, Current Mhz: 900, Mhz Limit: 897
Processor Information for processor 9
  Max Mhz: 1300, Current Mhz: 900, Mhz Limit: 897
Processor Information for processor 10
  Max Mhz: 1300, Current Mhz: 900, Mhz Limit: 897
Processor Information for processor 11
  Max Mhz: 1300, Current Mhz: 900, Mhz Limit: 897

Memory: 4k page, system-wide physical 7860M (600M free)
TotalPageFile size 16052M (AvailPageFile size 0M)
current process WorkingSet (physical memory assigned to process): 336M, peak: 337M
current process commit charge ("private bytes"): 458M, peak: 468M

vm_info: OpenJDK 64-Bit Server VM (21.0.4+7-LTS) for windows-amd64 JRE (21.0.4+7-LTS), built on 2024-07-16T00:00:00Z by "admin" with MS VC++ 17.7 (VS2022)

END.
